\BOOKMARK [1][-]{section.1}{Construction\040of\040Lebesgue\040Measure}{}% 1
\BOOKMARK [2][-]{subsection.1.1}{Length of Open Subsets of `3́9`42`"̇613A``45`47`"603AR}{section.1}% 2
\BOOKMARK [2][-]{subsection.1.2}{Positive Measure on a "σ-algebra}{section.1}% 3
\BOOKMARK [2][-]{subsection.1.3}{Back\040to\040Proposition\0401.3}{section.1}% 4
\BOOKMARK [2][-]{subsection.1.4}{Length of Compact Subsets of `3́9`42`"̇613A``45`47`"603AR}{section.1}% 5
\BOOKMARK [2][-]{subsection.1.5}{Continuity\040along\040Decreasing\040Chain}{section.1}% 6
\BOOKMARK [2][-]{subsection.1.6}{Lebesgue\040Measure\040of\040Bounded\040Measurable\040Sets}{section.1}% 7
\BOOKMARK [2][-]{subsection.1.7}{Properties of `3́9`42`"̇613A``45`47`"603AM`3́9`42`"̇613A``45`47`"603Abdd and of "λ`3́9`42`"̇613A``45`47`"603Abdd}{section.1}% 8
\BOOKMARK [2][-]{subsection.1.8}{Measurable Subsets of `3́9`42`"̇613A``45`47`"603AR}{section.1}% 9
\BOOKMARK [2][-]{subsection.1.9}{"λ Is a Positive Measure}{section.1}% 10
\BOOKMARK [1][-]{section.2}{Measurable\040Functions}{}% 11
\BOOKMARK [2][-]{subsection.2.1}{Non-measurable\040Sets}{section.2}% 12
\BOOKMARK [2][-]{subsection.2.2}{Borel "σ-algebras}{section.2}% 13
\BOOKMARK [2][-]{subsection.2.3}{Measurable\040Functions}{section.2}% 14
\BOOKMARK [2][-]{subsection.2.4}{Convergence Properties of `3́9`42`"̇613A``45`47`"603ABor\( X,`3́9`42`"̇613A``45`47`"603AR\)}{section.2}% 15
\BOOKMARK [2][-]{subsection.2.5}{Simple\040Functions}{section.2}% 16
\BOOKMARK [1][-]{section.3}{Lebesgue\040Integration}{}% 17
\BOOKMARK [2][-]{subsection.3.1}{Lebesgue\040Integration\040of\040Nonnegative\040Simple\040Borel\040Functions}{section.3}% 18
\BOOKMARK [2][-]{subsection.3.2}{Lebesgue\040Integration\040of\040Nonnegative\040Borel\040Functions}{section.3}% 19
\BOOKMARK [2][-]{subsection.3.3}{Proof\040of\040Monotone\040Convergence\040Theorem}{section.3}% 20
\BOOKMARK [2][-]{subsection.3.4}{The Space `3́9`42`"̇613A``45`47`"603A`3́9`42`"̇613A``45`47`"603AL1\( "μ\) of Integrable Functions}{section.3}% 21
\BOOKMARK [2][-]{subsection.3.5}{Lebesgue's\040Dominated\040Convergence\040Theorem}{section.3}% 22
\BOOKMARK [2][-]{subsection.3.6}{Almost\040Everywhere}{section.3}% 23
\BOOKMARK [2][-]{subsection.3.7}{Lebesgue\040Integration\040and\040Riemann\040Integration\040on\040a\040Finite\040Interval}{section.3}% 24
\BOOKMARK [1][-]{section.4}{Hilbert\040Spaces\040and\040Fourier\040Analysis}{}% 25
\BOOKMARK [2][-]{subsection.4.1}{`3́9`42`"̇613A``45`47`"603ALp\( "μ\) Spaces and the Minkowski Inequality}{section.4}% 26
\BOOKMARK [2][-]{subsection.4.2}{Null-space\040of\040a\040Seminorm}{section.4}% 27
\BOOKMARK [2][-]{subsection.4.3}{The Space `3́9`42`"̇613A``45`47`"603ALp\( "μ\)}{section.4}% 28
\BOOKMARK [2][-]{subsection.4.4}{`3́9`42`"̇613A``45`47`"603A`3́9`42`"̇613A``45`47`"603ALp-completeness}{section.4}% 29
\BOOKMARK [2][-]{subsection.4.5}{Hilbert\040Spaces}{section.4}% 30
\BOOKMARK [2][-]{subsection.4.6}{Geometry\040of\040Hilbert\040Spaces}{section.4}% 31
\BOOKMARK [2][-]{subsection.4.7}{Orthogonal\040Complements}{section.4}% 32
\BOOKMARK [2][-]{subsection.4.8}{Countable\040Orthonormal\040Basis}{section.4}% 33
\BOOKMARK [2][-]{subsection.4.9}{`3́9`42`"̇613A``45`47`"603AL2\( "λ[ -"π,"π] \) and Its Natural Orthonormal Basis}{section.4}% 34
\BOOKMARK [2][-]{subsection.4.10}{Fourier Series in `3́9`42`"̇613A``45`47`"603AL2\( "λ[ -"π,"π] \)}{section.4}% 35
\BOOKMARK [2][-]{subsection.4.11}{Fourier Coefficients for `3́9`42`"̇613A``45`47`"603A`3́9`42`"̇613A``45`47`"603AL1-functions}{section.4}% 36
\BOOKMARK [2][-]{subsection.4.12}{Kernels\040and\040Fejer's\040Theorem}{section.4}% 37
